<?xml version="1.0" encoding="UTF-8"?>
<!-- Generated by org.testng.reporters.JUnitReportReporter -->
<testsuite hostname="AKASH" failures="0" tests="1" name="com.ShoppersStack_Akash.verify_user_is_able_delet_or_not_Test" time="26.225" errors="0" timestamp="2024-07-31T11:35:58 IST" skipped="0">
  <testcase classname="com.ShoppersStack_Akash.verify_user_is_able_delet_or_not_Test" name="deletAdress" time="26.225"/>
</testsuite> <!-- com.ShoppersStack_Akash.verify_user_is_able_delet_or_not_Test -->
