<?xml version="1.0" encoding="UTF-8"?>
<!-- Generated by org.testng.reporters.JUnitReportReporter -->
<testsuite hostname="AKASH" failures="0" tests="1" name="com.ShoppersStack_Akash.Verify_User_is_able_to_addadress_or_not_Test" time="22.991" errors="0" timestamp="2024-07-30T09:41:48 IST" skipped="0">
  <testcase classname="com.ShoppersStack_Akash.Verify_User_is_able_to_addadress_or_not_Test" name="addAdress" time="22.991"/>
</testsuite> <!-- com.ShoppersStack_Akash.Verify_User_is_able_to_addadress_or_not_Test -->
